<?xml version="1.0" encoding="UTF-8"?><testsuite errors="0" failures="1" name="Adición de productos al carrito - Búsqueda y selección de productos" skipped="0" tests="1" time="20.27" timestamp="2023-04-22 12:10:46"><testcase name="Buscar y agregar múltiples productos al carrito"><failure message="&#13;&#10;Expected: an element containing '2 products'&#13;&#10;     but:  was the element identified by [[ChromeDriver: chrome on WINDOWS (fe687cd5e13e1c6b8beb4654eac2256b)] -&gt; css selector: body.search.hide-right-column.lang_en:nth-child(2) div.header-container div.container div.row div.col-sm-4.clearfix:nth-child(3) div.shopping_cart &gt; a:nth-child(1)] [Cart 2 Products]" type="java.lang.AssertionError">&#13;
Expected: an element containing '2 products'&#13;
     but:  was the element identified by [[ChromeDriver: chrome on WINDOWS (fe687cd5e13e1c6b8beb4654eac2256b)] -&gt; css selector: body.search.hide-right-column.lang_en:nth-child(2) div.header-container div.container div.row div.col-sm-4.clearfix:nth-child(3) div.shopping_cart &gt; a:nth-child(1)] [Cart 2 Products]</failure><system-err>&#13;
Expected: an element containing '2 products'&#13;
     but:  was the element identified by [[ChromeDriver: chrome on WINDOWS (fe687cd5e13e1c6b8beb4654eac2256b)] -&gt; css selector: body.search.hide-right-column.lang_en:nth-child(2) div.header-container div.container div.row div.col-sm-4.clearfix:nth-child(3) div.shopping_cart &gt; a:nth-child(1)] [Cart 2 Products]&#13;
co.com.proyectobase.screenplay.stepdefinitions.EscenarioDosStepDefinition.deberiaVerUnMensajeDeConfirmacionYLaCantidadDeProductosEnElCarrito(EscenarioDosStepDefinition.java:40)&#13;
✽.deberia ver un mensaje de confirmacion y la cantidad de productos en el carrito(file:///C:/Users/crist/Desktop/PROYECTOS%20ACADEMICOS%20PROGRAMACION/ARQUETIPO_SCREENPLAY/ScreenPlay_Patron/src/test/resources/features/agregarProducto.feature:16)&#13;
</system-err></testcase></testsuite>