<?xml version="1.0" encoding="UTF-8"?><testsuite errors="0" failures="1" name="Adición de productos al carrito - Búsqueda y selección de productos" skipped="0" tests="6" time="75.89" timestamp="2023-04-26 09:36:17"><testcase name="Buscar y agregar un producto al carrito desde la vista rapida"/><testcase name="Buscar y agregar múltiples productos al carrito desde la vista rapida"/><testcase name="Agregar un producto al carrito seleccionando la cantidad desde la vista del producto"/><testcase name="Agregar un producto al carrito seleccionando la talla desde la vista del producto"/><testcase name="Agregar un producto al carrito seleccionando el color desde la vista del producto"/><testcase name="Agregar un producto al carrito eliminarlo del carrito y volverlo anadir"><failure message="&#13;&#10;Expected: an element containing '1'&#13;&#10;     but:  was the element identified by [[ChromeDriver: chrome on WINDOWS (cf4bba74620236bb5a3e9963805a5e00)] -&gt; xpath: //header/div[3]/div[1]/div[1]/div[3]/div[1]/a[1]/span[1]] [0]" type="java.lang.AssertionError">&#13;
Expected: an element containing '1'&#13;
     but:  was the element identified by [[ChromeDriver: chrome on WINDOWS (cf4bba74620236bb5a3e9963805a5e00)] -&gt; xpath: //header/div[3]/div[1]/div[1]/div[3]/div[1]/a[1]/span[1]] [0]</failure><system-err>&#13;
Expected: an element containing '1'&#13;
     but:  was the element identified by [[ChromeDriver: chrome on WINDOWS (cf4bba74620236bb5a3e9963805a5e00)] -&gt; xpath: //header/div[3]/div[1]/div[1]/div[3]/div[1]/a[1]/span[1]] [0]&#13;
co.com.proyectobase.screenplay.stepdefinitions.EscenarioSeisStepDefinition.deberiaVerQueElCarritoContengaElProducto(EscenarioSeisStepDefinition.java:55)&#13;
✽.deberia ver que el carrito contenga el producto(file:///C:/Users/crist/Desktop/PROYECTOS%20ACADEMICOS%20PROGRAMACION/ARQUETIPO_SCREENPLAY/ScreenPlay_Patron/src/test/resources/features/agregarProductoVistaRapida.feature:43)&#13;
</system-err></testcase></testsuite>